[34mINFO [0;39m[main] 17:21:20 c.g.m.javatemplate.core.timeToLive.TTL  2022-03-15T14:21:20.553153200Z
[34mINFO [0;39m[main] 17:32:31 c.g.m.javatemplate.core.timeToLive.TTL наносекунды 2022-03-15T14:32:31.654538400Z
[34mINFO [0;39m[main] 17:32:31 c.g.m.javatemplate.core.timeToLive.TTL наносекунды 2022-03-15T14:32:31.654538400Z
[34mINFO [0;39m[main] 17:32:31 c.g.m.javatemplate.core.timeToLive.TTL наносекунды 0
[34mINFO [0;39m[main] 17:34:15 c.g.m.javatemplate.core.timeToLive.TTL наносекунды 2022-03-15T14:34:15.014309Z
[34mINFO [0;39m[main] 17:34:15 c.g.m.javatemplate.core.timeToLive.TTL наносекунды 2022-03-15T14:34:15.014309Z
[34mINFO [0;39m[main] 17:34:15 c.g.m.javatemplate.core.timeToLive.TTL наносекунды 0
[34mINFO [0;39m[main] 17:34:55 c.g.m.javatemplate.core.timeToLive.TTL наносекунды 2022-03-15T14:34:55.780332500Z
[34mINFO [0;39m[main] 17:34:55 c.g.m.javatemplate.core.timeToLive.TTL наносекунды 2022-03-15T14:34:55.792303300Z
[34mINFO [0;39m[main] 17:34:55 c.g.m.javatemplate.core.timeToLive.TTL наносекунды -11970800
[34mINFO [0;39m[main] 17:41:06 c.g.m.javatemplate.core.timeToLive.TTL наносекунды 2022-03-15T14:41:06.850074500Z
[34mINFO [0;39m[main] 17:41:07 c.g.m.javatemplate.core.timeToLive.TTL наносекунды 2022-03-15T14:41:07.871876500Z
[34mINFO [0;39m[main] 17:41:07 c.g.m.javatemplate.core.timeToLive.TTL наносекунды 1647355266
[34mINFO [0;39m[main] 17:42:46 c.g.m.javatemplate.core.timeToLive.TTL наносекунды 2022-03-15T14:42:45.997322Z
[34mINFO [0;39m[main] 17:42:47 c.g.m.javatemplate.core.timeToLive.TTL наносекунды 2022-03-15T14:42:47.012208Z
[34mINFO [0;39m[main] 17:42:47 c.g.m.javatemplate.core.timeToLive.TTL время жизни объекта 2
[34mINFO [0;39m[main] 17:51:48 c.g.m.javatemplate.core.timeToLive.TTL запрос пришел в наносекундах 2022-03-15T14:51:48.504532Z
[34mINFO [0;39m[main] 17:51:50 c.g.m.javatemplate.core.timeToLive.TTL время на текущий момент в наносекундах 2022-03-15T14:51:50.524028200Z
[34mINFO [0;39m[main] 17:51:50 c.g.m.javatemplate.core.timeToLive.TTL timeEnd.getEpochSecond() 1647355910
[34mINFO [0;39m[main] 17:51:50 c.g.m.javatemplate.core.timeToLive.TTL timeStart.getEpochSecond() 1647355908
[34mINFO [0;39m[main] 17:51:50 c.g.m.javatemplate.core.timeToLive.TTL время жизни объекта 2
[34mINFO [0;39m[main] 17:53:16 c.g.m.javatemplate.core.timeToLive.TTL запрос пришел в наносекундах 2022-03-15T14:53:16.505079200Z
[34mINFO [0;39m[main] 17:53:18 c.g.m.javatemplate.core.timeToLive.TTL время на текущий момент в наносекундах 2022-03-15T14:53:18.520327800Z
[34mINFO [0;39m[main] 17:53:18 c.g.m.javatemplate.core.timeToLive.TTL timeEnd.getEpochSecond() 	1647355998
[34mINFO [0;39m[main] 17:53:18 c.g.m.javatemplate.core.timeToLive.TTL timeStart.getEpochSecond() 	1647355996
[34mINFO [0;39m[main] 17:53:18 c.g.m.javatemplate.core.timeToLive.TTL время жизни объекта 2
[34mINFO [0;39m[main] 17:53:37 c.g.m.javatemplate.core.timeToLive.TTL запрос пришел в наносекундах 2022-03-15T14:53:37.822435600Z
[34mINFO [0;39m[main] 17:53:39 c.g.m.javatemplate.core.timeToLive.TTL время на текущий момент в наносекундах 2022-03-15T14:53:39.843090200Z
[34mINFO [0;39m[main] 17:53:39 c.g.m.javatemplate.core.timeToLive.TTL timeEnd.getEpochSecond() 		1647356019
[34mINFO [0;39m[main] 17:53:39 c.g.m.javatemplate.core.timeToLive.TTL timeStart.getEpochSecond() 	1647356017
[34mINFO [0;39m[main] 17:53:39 c.g.m.javatemplate.core.timeToLive.TTL время жизни объекта 2
[34mINFO [0;39m[main] 17:55:08 c.g.m.javatemplate.core.timeToLive.TTL запрос пришел в наносекундах 2022-03-15T14:55:08.495769300Z
[34mINFO [0;39m[main] 17:55:10 c.g.m.javatemplate.core.timeToLive.TTL время на текущий момент в наносекундах 2022-03-15T14:55:10.505895500Z
[34mINFO [0;39m[main] 17:55:10 c.g.m.javatemplate.core.timeToLive.TTL timeEnd.getEpochSecond() 		1647356110
[34mINFO [0;39m[main] 17:55:10 c.g.m.javatemplate.core.timeToLive.TTL timeStart.getEpochSecond() 	1647356108
[34mINFO [0;39m[main] 17:55:10 c.g.m.javatemplate.core.timeToLive.TTL запрос создан 2 секунд назад
[34mINFO [0;39m[main] 18:17:57 c.g.m.javatemplate.core.timeToLive.Query com.github.mabutamail.javatemplate.core.timeToLive.Query@2e3fc542
[34mINFO [0;39m[main] 18:18:33 c.g.m.javatemplate.core.timeToLive.Query Query(id=0, timeStart=2022-03-15T15:18:33.521212300Z, query=query1)
[34mINFO [0;39m[main] 18:19:42 c.g.m.javatemplate.core.timeToLive.Query Query(id=0, timeStart=2022-03-15T15:19:42.212272Z, query=query1)
[34mINFO [0;39m[main] 18:19:42 c.g.m.javatemplate.core.timeToLive.Query Query(id=0, timeStart=2022-03-15T15:19:42.212272Z, query=query2)
[34mINFO [0;39m[main] 18:20:25 c.g.m.javatemplate.core.timeToLive.Query Query(id=0, timeStart=2022-03-15T15:20:23.075003200Z, query=query1)
[34mINFO [0;39m[main] 18:20:25 c.g.m.javatemplate.core.timeToLive.Query Query(id=0, timeStart=2022-03-15T15:20:25.084056200Z, query=query2)
[34mINFO [0;39m[main] 18:22:00 c.g.m.javatemplate.core.timeToLive.Query Query(id=1, timeStart=2022-03-15T15:21:58.635752900Z, query=query1)
[34mINFO [0;39m[main] 18:22:00 c.g.m.javatemplate.core.timeToLive.Query Query(id=1, timeStart=2022-03-15T15:22:00.637033500Z, query=query2)
[34mINFO [0;39m[main] 18:23:01 c.g.m.javatemplate.core.timeToLive.Query Query(id=1, timeStart=2022-03-15T15:22:59.100115300Z, query=query1)
[34mINFO [0;39m[main] 18:23:01 c.g.m.javatemplate.core.timeToLive.Query Query(id=1, timeStart=2022-03-15T15:23:01.106661400Z, query=query2)
[34mINFO [0;39m[main] 18:23:55 c.g.m.javatemplate.core.timeToLive.Query Query(timeStart=2022-03-15T15:23:53.560106100Z, query=query1)
[34mINFO [0;39m[main] 18:23:55 c.g.m.javatemplate.core.timeToLive.Query Query(timeStart=2022-03-15T15:23:55.572015200Z, query=query2)
[34mINFO [0;39m[main] 18:25:57 c.g.m.javatemplate.core.timeToLive.Query Query(id=1, timeStart=2022-03-15T15:25:55.217021600Z, query=query1)
[34mINFO [0;39m[main] 18:25:57 c.g.m.javatemplate.core.timeToLive.Query Query(id=1, timeStart=2022-03-15T15:25:57.227268500Z, query=query2)
[34mINFO [0;39m[main] 18:27:42 c.g.m.javatemplate.core.timeToLive.Query Query(id=1, timeStart=2022-03-15T15:27:40.877446500Z, query=query1)
[34mINFO [0;39m[main] 18:27:42 c.g.m.javatemplate.core.timeToLive.Query Query(id=1, timeStart=2022-03-15T15:27:42.880465100Z, query=query2)
[34mINFO [0;39m[main] 18:28:29 c.g.m.javatemplate.core.timeToLive.Query Query(id=0, timeStart=2022-03-15T15:28:27.322491600Z, query=query1)
[34mINFO [0;39m[main] 18:28:29 c.g.m.javatemplate.core.timeToLive.Query Query(id=1, timeStart=2022-03-15T15:28:29.324516100Z, query=query2)
[34mINFO [0;39m[main] 18:29:12 c.g.m.javatemplate.core.timeToLive.Query Query(id=0, timeStart=2022-03-15T15:29:09.981204900Z, query=query1)
[34mINFO [0;39m[main] 18:29:12 c.g.m.javatemplate.core.timeToLive.Query Query(id=1, timeStart=2022-03-15T15:29:11.995855700Z, query=query2)
[34mINFO [0;39m[main] 18:29:12 c.g.m.javatemplate.core.timeToLive.Query Query(id=2, timeStart=2022-03-15T15:29:11.995855700Z, query=query3)
[34mINFO [0;39m[main] 18:29:29 c.g.m.javatemplate.core.timeToLive.Query Query(id=0, timeStart=2022-03-15T15:29:27.816235700Z, query=query1)
[34mINFO [0;39m[main] 18:29:29 c.g.m.javatemplate.core.timeToLive.Query Query(id=1, timeStart=2022-03-15T15:29:29.827775600Z, query=query2)
[34mINFO [0;39m[main] 18:29:29 c.g.m.javatemplate.core.timeToLive.Query Query(id=2, timeStart=2022-03-15T15:29:29.827775600Z, query=query3)
[34mINFO [0;39m[main] 18:30:06 c.g.m.javatemplate.core.timeToLive.Query Query(id=1, timeStart=2022-03-15T15:30:04.094025400Z, query=query1)
[34mINFO [0;39m[main] 18:30:06 c.g.m.javatemplate.core.timeToLive.Query Query(id=2, timeStart=2022-03-15T15:30:06.099255700Z, query=query2)
[34mINFO [0;39m[main] 18:30:06 c.g.m.javatemplate.core.timeToLive.Query Query(id=3, timeStart=2022-03-15T15:30:06.099255700Z, query=query3)
